#
# There is insufficient memory for the Java Runtime Environment to continue.
# Native memory allocation (mmap) failed to map 1073741824 bytes. Error detail: G1 virtual space
# Possible reasons:
#   The system is out of physical RAM or swap space
#   This process is running with CompressedOops enabled, and the Java Heap may be blocking the growth of the native heap
# Possible solutions:
#   Reduce memory load on the system
#   Increase physical memory or swap space
#   Check if swap backing store is full
#   Decrease Java heap size (-Xmx/-Xms)
#   Decrease number of Java threads
#   Decrease Java thread stack sizes (-Xss)
#   Set larger code cache with -XX:ReservedCodeCacheSize=
#   JVM is running with Zero Based Compressed Oops mode in which the Java heap is
#     placed in the first 32GB address space. The Java Heap base address is the
#     maximum limit for the native heap growth. Please use -XX:HeapBaseMinAddress
#     to set the Java Heap base and to place the Java Heap above 32GB virtual address.
# This output file may be truncated or incomplete.
#
#  Out of Memory Error (os_windows.cpp:3631), pid=6856, tid=25668
#
# JRE version:  (22.0.2+9) (build )
# Java VM: Java HotSpot(TM) 64-Bit Server VM (22.0.2+9-70, mixed mode, sharing, tiered, compressed oops, compressed class ptrs, g1 gc, windows-amd64)
# Core dump will be written. Default location: Z:\NDL\balaji\Netbeans Projects\NDLLib\hs_err_pid6856.mdmp
#

---------------  S U M M A R Y ------------

Command Line: -Dclassworlds.conf=C:\Program Files\NetBeans\22\NetBeans-22\netbeans\java\maven\bin\m2.conf -Dmaven.home=C:\Program Files\NetBeans\22\NetBeans-22\netbeans\java\maven -Dlibrary.jansi.path=C:\Program Files\NetBeans\22\NetBeans-22\netbeans\java\maven\lib\jansi-native -Dmaven.multiModuleProjectDirectory=Z:\NDL\balaji\Netbeans Projects\NDLLib org.codehaus.plexus.classworlds.launcher.Launcher -Dmaven.ext.class.path=C:\Program Files\NetBeans\22\NetBeans-22\netbeans\java\maven-nblib\netbeans-eventspy.jar --no-transfer-progress clean install

Host: Intel(R) Core(TM) i9-14900K, 32 cores, 63G,  Windows Server 2022 , 64 bit Build 20348 (10.0.20348.2322)
Time: Fri Sep 13 17:05:53 2024 India Standard Time elapsed time: 0.006834 seconds (0d 0h 0m 0s)

---------------  T H R E A D  ---------------

Current thread (0x000001563552add0):  JavaThread "Unknown thread" [_thread_in_vm, id=25668, stack(0x0000002350600000,0x0000002350700000) (1024K)]

Stack: [0x0000002350600000,0x0000002350700000]
Native frames: (J=compiled Java code, j=interpreted, Vv=VM code, C=native code)
V  [jvm.dll+0x6e26e9]  (no source info available)
V  [jvm.dll+0x875753]  (no source info available)
V  [jvm.dll+0x877b7e]  (no source info available)
V  [jvm.dll+0x878253]  (no source info available)
V  [jvm.dll+0x27fc86]  (no source info available)
V  [jvm.dll+0x6ded85]  (no source info available)
V  [jvm.dll+0x6d388a]  (no source info available)
V  [jvm.dll+0x358b8a]  (no source info available)
V  [jvm.dll+0x3610b6]  (no source info available)
V  [jvm.dll+0x3b419e]  (no source info available)
V  [jvm.dll+0x3b4448]  (no source info available)
V  [jvm.dll+0x32c5ec]  (no source info available)
V  [jvm.dll+0x32d258]  (no source info available)
V  [jvm.dll+0x83d5ac]  (no source info available)
V  [jvm.dll+0x3c10d1]  (no source info available)
V  [jvm.dll+0x8264cc]  (no source info available)
V  [jvm.dll+0x45bd5e]  (no source info available)
V  [jvm.dll+0x45dbe1]  (no source info available)
C  [jli.dll+0x52a3]  (no source info available)
C  [ucrtbase.dll+0x26b4c]  (no source info available)
C  [KERNEL32.DLL+0x14cb0]  (no source info available)
C  [ntdll.dll+0x7e8ab]  (no source info available)


---------------  P R O C E S S  ---------------

Threads class SMR info:
_java_thread_list=0x00007ff9f3d6c1c8, length=0, elements={
}

Java Threads: ( => current thread )
Total: 0

Other Threads:
  0x000001563789eb30 WorkerThread "GC Thread#0"                     [id=14016, stack(0x0000002350700000,0x0000002350800000) (1024K)]
  0x00000156378ac250 ConcurrentGCThread "G1 Main Marker"            [id=36344, stack(0x0000002350800000,0x0000002350900000) (1024K)]
  0x00000156378ad500 WorkerThread "G1 Conc#0"                       [id=32616, stack(0x0000002350900000,0x0000002350a00000) (1024K)]

[error occurred during error reporting (printing all threads), id 0xc0000005, EXCEPTION_ACCESS_VIOLATION (0xc0000005) at pc=0x00007ff9f34bf517]
VM state: not at safepoint (not fully initialized)

VM Mutex/Monitor currently owned by a thread:  ([mutex/lock_event])
[0x00007ff9f3decc80] Heap_lock - owner thread: 0x000001563552add0

Heap address: 0x0000000403800000, size: 16328 MB, Compressed Oops mode: Zero based, Oop shift amount: 3

CDS archive(s) mapped at: [0x0000000000000000-0x0000000000000000-0x0000000000000000), size 0, SharedBaseAddress: 0x0000000800000000, ArchiveRelocationMode: 1.
Narrow klass base: 0x0000000000000000, Narrow klass shift: 0, Narrow klass range: 0x0

GC Precious Log:
 CardTable entry size: 512
 Card Set container configuration: InlinePtr #cards 4 size 8 Array Of Cards #cards 64 size 144 Howl #buckets 8 coarsen threshold 14745 Howl Bitmap #cards 2048 size 272 coarsen threshold 1843 Card regions per heap region 1 cards per card region 16384

Heap:
 garbage-first heap   total reserved 16719872K, committed 0K, used 0K [0x0000000403800000, 0x0000000800000000)
  region size 8192K, 0 young (0K), 0 survivors (0K)

[error occurred during error reporting (printing heap information), id 0xc0000005, EXCEPTION_ACCESS_VIOLATION (0xc0000005) at pc=0x00007ff9f38be869]
GC Heap History (0 events):
No events

Dll operation events (1 events):
Event: 0.003 Loaded shared library C:\Program Files\Java\jdk-22\bin\java.dll

Deoptimization events (0 events):
No events

Classes loaded (0 events):
No events

Classes unloaded (0 events):
No events

Classes redefined (0 events):
No events

Internal exceptions (0 events):
No events

ZGC Phase Switch (0 events):
No events

VM Operations (0 events):
No events

Memory protections (0 events):
No events

Nmethod flushes (0 events):
No events

Events (0 events):
No events


Dynamic libraries:
0x00007ff73f6f0000 - 0x00007ff73f700000 	C:\Program Files\Java\jdk-22\bin\java.exe
0x00007ffa9a650000 - 0x00007ffa9a850000 	C:\Windows\SYSTEM32\ntdll.dll
0x00007ffa99f40000 - 0x00007ffa99ffc000 	C:\Windows\System32\KERNEL32.DLL
0x00007ffa97da0000 - 0x00007ffa9810f000 	C:\Windows\System32\KERNELBASE.dll
0x00007ffa959a0000 - 0x00007ffa95a31000 	C:\Windows\SYSTEM32\apphelp.dll
0x00007ffa97c90000 - 0x00007ffa97da0000 	C:\Windows\System32\ucrtbase.dll
0x00007ffa622e0000 - 0x00007ffa622fb000 	C:\Program Files\Java\jdk-22\bin\VCRUNTIME140.dll
0x00007ffa67cd0000 - 0x00007ffa67ce7000 	C:\Program Files\Java\jdk-22\bin\jli.dll
0x00007ffa993c0000 - 0x00007ffa99565000 	C:\Windows\System32\USER32.dll
0x00007ffa8a300000 - 0x00007ffa8a5a4000 	C:\Windows\WinSxS\amd64_microsoft.windows.common-controls_6595b64144ccf1df_6.0.20348.2110_none_947450d7eef395fd\COMCTL32.dll
0x00007ffa98550000 - 0x00007ffa98576000 	C:\Windows\System32\win32u.dll
0x00007ffa9a070000 - 0x00007ffa9a113000 	C:\Windows\System32\msvcrt.dll
0x00007ffa985e0000 - 0x00007ffa9860b000 	C:\Windows\System32\GDI32.dll
0x00007ffa98190000 - 0x00007ffa982ab000 	C:\Windows\System32\gdi32full.dll
0x00007ffa984b0000 - 0x00007ffa98550000 	C:\Windows\System32\msvcp_win.dll
0x00007ffa9a140000 - 0x00007ffa9a171000 	C:\Windows\System32\IMM32.DLL
0x00007ffa94520000 - 0x00007ffa9452c000 	C:\Program Files\Java\jdk-22\bin\vcruntime140_1.dll
0x00007ffa16d50000 - 0x00007ffa16dde000 	C:\Program Files\Java\jdk-22\bin\msvcp140.dll
0x00007ff9f3180000 - 0x00007ff9f3ec9000 	C:\Program Files\Java\jdk-22\bin\server\jvm.dll
0x00007ffa9a550000 - 0x00007ffa9a601000 	C:\Windows\System32\ADVAPI32.dll
0x00007ffa98ba0000 - 0x00007ffa98c42000 	C:\Windows\System32\sechost.dll
0x00007ffa982b0000 - 0x00007ffa982d7000 	C:\Windows\System32\bcrypt.dll
0x00007ffa99e10000 - 0x00007ffa99f2f000 	C:\Windows\System32\RPCRT4.dll
0x00007ffa99570000 - 0x00007ffa995e1000 	C:\Windows\System32\WS2_32.dll
0x00007ffa97ab0000 - 0x00007ffa97afd000 	C:\Windows\SYSTEM32\POWRPROF.dll
0x00007ffa7e350000 - 0x00007ffa7e377000 	C:\Windows\SYSTEM32\WINMM.dll
0x00007ffa90a30000 - 0x00007ffa90a3a000 	C:\Windows\SYSTEM32\VERSION.dll
0x00007ffa97a80000 - 0x00007ffa97a93000 	C:\Windows\SYSTEM32\UMPDC.dll
0x00007ffa963a0000 - 0x00007ffa963b7000 	C:\Windows\SYSTEM32\kernel.appcore.dll
0x00007ffa5fed0000 - 0x00007ffa5feda000 	C:\Program Files\Java\jdk-22\bin\jimage.dll
0x00007ffa8d710000 - 0x00007ffa8d922000 	C:\Windows\SYSTEM32\DBGHELP.DLL
0x00007ffa8d6e0000 - 0x00007ffa8d710000 	C:\Windows\SYSTEM32\dbgcore.DLL
0x00007ffa98110000 - 0x00007ffa9818f000 	C:\Windows\System32\bcryptPrimitives.dll
0x00007ffa60a60000 - 0x00007ffa60a7e000 	C:\Program Files\Java\jdk-22\bin\java.dll
0x00007ffa996b0000 - 0x00007ffa99e0a000 	C:\Windows\System32\SHELL32.dll
0x00007ffa988f0000 - 0x00007ffa98a25000 	C:\Windows\System32\ole32.dll
0x00007ffa9a180000 - 0x00007ffa9a4f0000 	C:\Windows\System32\combase.dll

dbghelp: loaded successfully - version: 4.0.5 - missing functions: none
symbol engine: initialized successfully - sym options: 0x614 - pdb path: .;C:\Program Files\Java\jdk-22\bin;C:\Windows\SYSTEM32;C:\Windows\WinSxS\amd64_microsoft.windows.common-controls_6595b64144ccf1df_6.0.20348.2110_none_947450d7eef395fd;C:\Program Files\Java\jdk-22\bin\server

VM Arguments:
jvm_args: -Dclassworlds.conf=C:\Program Files\NetBeans\22\NetBeans-22\netbeans\java\maven\bin\m2.conf -Dmaven.home=C:\Program Files\NetBeans\22\NetBeans-22\netbeans\java\maven -Dlibrary.jansi.path=C:\Program Files\NetBeans\22\NetBeans-22\netbeans\java\maven\lib\jansi-native -Dmaven.multiModuleProjectDirectory=Z:\NDL\balaji\Netbeans Projects\NDLLib 
java_command: org.codehaus.plexus.classworlds.launcher.Launcher -Dmaven.ext.class.path=C:\Program Files\NetBeans\22\NetBeans-22\netbeans\java\maven-nblib\netbeans-eventspy.jar --no-transfer-progress clean install
java_class_path (initial): C:\Program Files\NetBeans\22\NetBeans-22\netbeans\java\maven\boot\plexus-classworlds-2.7.0.jar
Launcher Type: SUN_STANDARD

[Global flags]
     intx CICompilerCount                          = 15                                        {product} {ergonomic}
     uint ConcGCThreads                            = 6                                         {product} {ergonomic}
     uint G1ConcRefinementThreads                  = 23                                        {product} {ergonomic}
   size_t G1HeapRegionSize                         = 8388608                                   {product} {ergonomic}
   size_t InitialHeapSize                          = 1073741824                                {product} {ergonomic}
   size_t MarkStackSize                            = 4194304                                   {product} {ergonomic}
   size_t MaxHeapSize                              = 17121148928                               {product} {ergonomic}
   size_t MinHeapDeltaBytes                        = 8388608                                   {product} {ergonomic}
   size_t MinHeapSize                              = 8388608                                   {product} {ergonomic}
    uintx NonNMethodCodeHeapSize                   = 8192380                                {pd product} {ergonomic}
    uintx NonProfiledCodeHeapSize                  = 121732930                              {pd product} {ergonomic}
    uintx ProfiledCodeHeapSize                     = 121732930                              {pd product} {ergonomic}
    uintx ReservedCodeCacheSize                    = 251658240                              {pd product} {ergonomic}
     bool SegmentedCodeCache                       = true                                      {product} {ergonomic}
   size_t SoftMaxHeapSize                          = 17121148928                            {manageable} {ergonomic}
     bool UseCompressedOops                        = true                           {product lp64_product} {ergonomic}
     bool UseG1GC                                  = true                                      {product} {ergonomic}
     bool UseLargePagesIndividualAllocation        = false                                  {pd product} {ergonomic}

Logging:
Log output configuration:
 #0: stdout all=warning uptime,level,tags foldmultilines=false
 #1: stderr all=off uptime,level,tags foldmultilines=false

Environment Variables:
JAVA_HOME=C:\Program Files\Java\jdk-22
PATH=C:\Program Files\Python312\Scripts\;C:\Program Files\Python312\;C:\Program Files\Common Files\Oracle\Java\javapath;C:\Windows\system32;C:\Windows;C:\Windows\System32\Wbem;C:\Windows\System32\WindowsPowerShell\v1.0\;C:\Windows\System32\OpenSSH\;C:\Program Files\MATLAB\MATLAB Compiler Runtime\v83\runtime\win64;C:\Program Files (x86)\Windows Kits\10\Windows Performance Toolkit\;C:\Users\balaji\AppData\Local\Microsoft\WindowsApps;
USERNAME=balaji
OS=Windows_NT
PROCESSOR_IDENTIFIER=Intel64 Family 6 Model 183 Stepping 1, GenuineIntel
TMP=C:\Users\balaji\AppData\Local\Temp\21
TEMP=C:\Users\balaji\AppData\Local\Temp\21




Periodic native trim disabled

---------------  S Y S T E M  ---------------

OS:
 Windows Server 2022 , 64 bit Build 20348 (10.0.20348.2322)
OS uptime: 44 days 5:19 hours

CPU: total 32 (initial active 32) (16 cores per cpu, 2 threads per core) family 6 model 183 stepping 1 microcode 0x11d, cx8, cmov, fxsr, ht, mmx, 3dnowpref, sse, sse2, sse3, ssse3, sse4.1, sse4.2, popcnt, lzcnt, tsc, tscinvbit, avx, avx2, aes, erms, clmul, bmi1, bmi2, adx, sha, fma, vzeroupper, clflush, clflushopt, clwb, serialize, rdtscp, rdpid, fsrm, f16c, pku, cet_ibt, cet_ss
Processor Information for processor 0
  Max Mhz: 3200, Current Mhz: 3200, Mhz Limit: 2400
Processor Information for processor 1
  Max Mhz: 3200, Current Mhz: 3200, Mhz Limit: 3200
Processor Information for processor 2
  Max Mhz: 3200, Current Mhz: 3200, Mhz Limit: 3200
Processor Information for processor 3
  Max Mhz: 3200, Current Mhz: 3200, Mhz Limit: 3200
Processor Information for processor 4
  Max Mhz: 3200, Current Mhz: 3200, Mhz Limit: 3200
Processor Information for processor 5
  Max Mhz: 3200, Current Mhz: 3200, Mhz Limit: 3200
Processor Information for processor 6
  Max Mhz: 3200, Current Mhz: 3200, Mhz Limit: 3200
Processor Information for processor 7
  Max Mhz: 3200, Current Mhz: 3200, Mhz Limit: 3200
Processor Information for processor 8
  Max Mhz: 3200, Current Mhz: 3200, Mhz Limit: 3200
Processor Information for processor 9
  Max Mhz: 3200, Current Mhz: 3200, Mhz Limit: 3200
Processor Information for processor 10
  Max Mhz: 3200, Current Mhz: 3200, Mhz Limit: 3200
Processor Information for processor 11
  Max Mhz: 3200, Current Mhz: 3200, Mhz Limit: 3200
Processor Information for processor 12
  Max Mhz: 3200, Current Mhz: 3200, Mhz Limit: 3200
Processor Information for processor 13
  Max Mhz: 3200, Current Mhz: 3200, Mhz Limit: 3200
Processor Information for processor 14
  Max Mhz: 3200, Current Mhz: 3200, Mhz Limit: 3200
Processor Information for processor 15
  Max Mhz: 3200, Current Mhz: 3200, Mhz Limit: 3200
Processor Information for processor 16
  Max Mhz: 3200, Current Mhz: 2400, Mhz Limit: 2400
Processor Information for processor 17
  Max Mhz: 3200, Current Mhz: 2400, Mhz Limit: 2400
Processor Information for processor 18
  Max Mhz: 3200, Current Mhz: 2400, Mhz Limit: 2400
Processor Information for processor 19
  Max Mhz: 3200, Current Mhz: 2400, Mhz Limit: 2400
Processor Information for processor 20
  Max Mhz: 3200, Current Mhz: 2400, Mhz Limit: 2400
Processor Information for processor 21
  Max Mhz: 3200, Current Mhz: 2400, Mhz Limit: 2400
Processor Information for processor 22
  Max Mhz: 3200, Current Mhz: 2400, Mhz Limit: 2400
Processor Information for processor 23
  Max Mhz: 3200, Current Mhz: 2400, Mhz Limit: 2400
Processor Information for processor 24
  Max Mhz: 3200, Current Mhz: 2400, Mhz Limit: 2400
Processor Information for processor 25
  Max Mhz: 3200, Current Mhz: 2400, Mhz Limit: 2400
Processor Information for processor 26
  Max Mhz: 3200, Current Mhz: 2400, Mhz Limit: 2400
Processor Information for processor 27
  Max Mhz: 3200, Current Mhz: 2400, Mhz Limit: 2400
Processor Information for processor 28
  Max Mhz: 3200, Current Mhz: 2400, Mhz Limit: 2400
Processor Information for processor 29
  Max Mhz: 3200, Current Mhz: 2400, Mhz Limit: 2400
Processor Information for processor 30
  Max Mhz: 3200, Current Mhz: 2400, Mhz Limit: 2400
Processor Information for processor 31
  Max Mhz: 3200, Current Mhz: 2400, Mhz Limit: 2400

Memory: 4k page, system-wide physical 65298M (11198M free)
TotalPageFile size 124822M (AvailPageFile size 223M)
current process WorkingSet (physical memory assigned to process): 14M, peak: 14M
current process commit charge ("private bytes"): 92M, peak: 1116M

vm_info: Java HotSpot(TM) 64-Bit Server VM (22.0.2+9-70) for windows-amd64 JRE (22.0.2+9-70), built on 2024-06-04T16:52:23Z by "mach5one" with MS VC++ 17.6 (VS2022)

END.
